<?xml version="1.0" encoding="UTF-8"?>
<!-- Generated by org.testng.reporters.JUnitReportReporter -->
<testsuite hostname="DESKTOP-AQM9OAF" failures="0" tests="22" name="runners.TestRunner" time="199.935" errors="0" timestamp="2026-05-25T21:04:08 IST" skipped="0">
  <testcase classname="runners.TestRunner" name="runScenario" time="4.355"/>
  <testcase classname="runners.TestRunner" name="runScenario" time="19.641"/>
  <testcase classname="runners.TestRunner" name="runScenario" time="7.266"/>
  <testcase classname="runners.TestRunner" name="runScenario" time="11.445"/>
  <testcase classname="runners.TestRunner" name="runScenario" time="19.297"/>
  <testcase classname="runners.TestRunner" name="runScenario" time="18.256"/>
  <testcase classname="runners.TestRunner" name="runScenario" time="6.524"/>
  <testcase classname="runners.TestRunner" name="runScenario" time="6.095"/>
  <testcase classname="runners.TestRunner" name="runScenario" time="16.525"/>
  <testcase classname="runners.TestRunner" name="runScenario" time="4.104"/>
  <testcase classname="runners.TestRunner" name="runScenario" time="19.059"/>
  <testcase classname="runners.TestRunner" name="runScenario" time="5.224"/>
  <testcase classname="runners.TestRunner" name="runScenario" time="4.378"/>
  <testcase classname="runners.TestRunner" name="runScenario" time="9.492"/>
  <testcase classname="runners.TestRunner" name="runScenario" time="5.018"/>
  <testcase classname="runners.TestRunner" name="runScenario" time="3.743"/>
  <testcase classname="runners.TestRunner" name="runScenario" time="11.191"/>
  <testcase classname="runners.TestRunner" name="runScenario" time="4.396"/>
  <testcase classname="runners.TestRunner" name="runScenario" time="10.533"/>
  <testcase classname="runners.TestRunner" name="runScenario" time="4.325"/>
  <testcase classname="runners.TestRunner" name="runScenario" time="5.893"/>
  <testcase classname="runners.TestRunner" name="runScenario" time="3.175"/>
</testsuite> <!-- runners.TestRunner -->
